Info: CustomCategory:pardus_custom_category: 565 mini seconds publishing element
Info: : 3786 mini-second(s) publishing element DeliveryProcess:pardus_lifecycle[pardus_plugin\deliveryprocesses\pardus_lifecycle_AB262CBB.html]
Info: DeliveryProcess:pardus_lifecycle: 3789 mini seconds publishing element
Info: DeliveryProcess:pardus_lifecycle: 1632 mini seconds publishing process specific layout data
Info: Phase:Prototype Phase: 276 mini seconds publishing element
Info: Iteration:Prototype Phase Iteration: 293 mini seconds publishing element
Info: Activity:Project Inititiation: 179 mini seconds publishing element
Info: Activity:Identify Requirements: 232 mini seconds publishing element
Info: Activity:Plan Iteration: 225 mini seconds publishing element
Info: Activity:Construct Prototype: 177 mini seconds publishing element
Info: Milestone:Lifecylce : 211 mini seconds publishing element
Info: Phase:Alpha Phase: 216 mini seconds publishing element
Info: Iteration:Alpha Phase Iteration: 212 mini seconds publishing element
Info: Activity:Plan Iteration: 176 mini seconds publishing element
Info: Activity:Identify Requirements: 156 mini seconds publishing element
Info: Activity:Test: 156 mini seconds publishing element
Info: Activity:Construct Solution: 153 mini seconds publishing element
Info: Milestone:Alpha Milestone: 20 mini seconds publishing element
Info: Phase:Beta Phase: 163 mini seconds publishing element
Info: Iteration:Beta Phase Iteration: 195 mini seconds publishing element
Info: Activity:Plan Iteration: 136 mini seconds publishing element
Info: Activity:Identify Requirements: 139 mini seconds publishing element
Info: Activity:Test: 157 mini seconds publishing element
Info: Activity:Construct Solution: 143 mini seconds publishing element
Info: Milestone:Beta Milestone: 15 mini seconds publishing element
Info: Phase:Release Phase: 181 mini seconds publishing element
Info: Iteration:Release Phase Iteration: 198 mini seconds publishing element
Info: Activity:Plan Iteration: 160 mini seconds publishing element
Info: Activity:Identify Requirements: 140 mini seconds publishing element
Info: Activity:Test: 129 mini seconds publishing element
Info: Activity:Construct Solution: 126 mini seconds publishing element
Info: Activity:Create Documentation: 132 mini seconds publishing element
Info: Milestone:Release Milestone: 15 mini seconds publishing element
Info: Phase:Maintenance Phase: 172 mini seconds publishing element
Info: Iteration:Maintenance Phase Iteration: 230 mini seconds publishing element
Info: Activity:Plan Iteration: 176 mini seconds publishing element
Info: Activity:Identify Requirements: 180 mini seconds publishing element
Info: Activity:Construct Solution: 157 mini seconds publishing element
Info: Activity:Test: 160 mini seconds publishing element
Info: Milestone:Maintenance Milestone: 52 mini seconds publishing element
Info: CustomCategory:practices: 19 mini seconds publishing element
Info: Practice:risk_value_lifecycle: 293 mini seconds publishing element
Info: Roadmap:how_to_adopt: 179 mini seconds publishing element
Info: Concept:project_lifecycle: 65 mini seconds publishing element
Info: Concept:phase_milestones: 49 mini seconds publishing element
Info: Concept:inception_phase: 33 mini seconds publishing element
Info: Concept:elaboration_phase: 36 mini seconds publishing element
Info: Concept:construction_phase: 38 mini seconds publishing element
Info: Concept:transition_phase: 22 mini seconds publishing element
Info: SupportingMaterial:epf_copyright: 38 mini seconds publishing element
Info: CapabilityPattern:risk_value_lifecycle_phases: 382 mini seconds publishing element
Info: CapabilityPattern:risk_value_lifecycle_phases: 170 mini seconds publishing process specific layout data
Info: Phase:inception_phase: 242 mini seconds publishing element
Info: Iteration:inception_iteration: 110 mini seconds publishing element
Info: Milestone:Lifecycle Objectives Milestone: 27 mini seconds publishing element
Info: Phase:elaboration_phase: 97 mini seconds publishing element
Info: Iteration:elaboration_iteration: 87 mini seconds publishing element
Info: Milestone:Lifecycle Architecture Milestone: 14 mini seconds publishing element
Info: Phase:construction_phase: 87 mini seconds publishing element
Info: Iteration:construction_iteration: 101 mini seconds publishing element
Info: Milestone:Initial Operational Capability: 16 mini seconds publishing element
Info: Phase:transition_phase: 108 mini seconds publishing element
Info: Iteration:transition_iteration: 92 mini seconds publishing element
Info: Milestone:Product Release Milestone: 14 mini seconds publishing element
Info: Practice:iterative_development: 57 mini seconds publishing element
Info: Roadmap:how_to_adopt: 29 mini seconds publishing element
Info: Concept:iteration_lifecycle: 26 mini seconds publishing element
Info: Concept:micro_increments: 57 mini seconds publishing element
Info: Concept:retrospective: 17 mini seconds publishing element
Info: Concept:iteration: 29 mini seconds publishing element
Info: Artifact:iteration_plan: 340 mini seconds publishing element
Info: Artifact:work_items_list: 48 mini seconds publishing element
Info: Artifact:risk_list: 47 mini seconds publishing element
Info: Task:assess_results: 282 mini seconds publishing element
Info: Task:manage_iteration: 60 mini seconds publishing element
Info: Task:plan_iteration: 61 mini seconds publishing element
Info: Report:iteration_burndown: 19 mini seconds publishing element
Info: Guideline:agile_estimation: 31 mini seconds publishing element
Info: Guideline:assign_changes_to_iteration: 19 mini seconds publishing element
Info: Guideline:conduct_retrospective: 24 mini seconds publishing element
Info: Guideline:iteration_assessment: 17 mini seconds publishing element
Info: Guideline:iteration_planning: 22 mini seconds publishing element
Info: Guideline:managing_risks: 37 mini seconds publishing element
Info: Guideline:managing_work_items: 44 mini seconds publishing element
Info: Guideline:prioritizing_work_items: 17 mini seconds publishing element
Info: Practice:team_change_mgmt: 25 mini seconds publishing element
Info: Roadmap:how_to_adopt: 22 mini seconds publishing element
Info: Task:request_change: 85 mini seconds publishing element
Info: Guideline:submitting_change_requests: 21 mini seconds publishing element
Info: Example:work_items_list: 204 mini seconds publishing element
Info: Practice:documentation_and_training: 27 mini seconds publishing element
Info: Roadmap:how_to_adopt_doc_training: 27 mini seconds publishing element
Info: Artifact:product_documentation: 36 mini seconds publishing element
Info: Artifact:support_documentation: 35 mini seconds publishing element
Info: Artifact:training_materials: 39 mini seconds publishing element
Info: Artifact:user_documentation: 37 mini seconds publishing element
Info: Task:develop_product_documentation: 49 mini seconds publishing element
Info: Task:develop_user_documentation: 37 mini seconds publishing element
Info: Task:develop_support_documentation: 43 mini seconds publishing element
Info: Task:develop_training_materials: 45 mini seconds publishing element
Info: Task:deliver_end_user_training: 38 mini seconds publishing element
Info: Task:deliver_support_training: 41 mini seconds publishing element
Info: : 1119 mini-second(s) publishing element Role:course_developer[core.default.role_def.base\roles\course_developer_48209D03.html]
Info: Role:course_developer: 1120 mini seconds publishing element
Info: Role:product_owner: 72 mini seconds publishing element
Info: Role:technical_writer: 77 mini seconds publishing element
Info: Role:trainer: 52 mini seconds publishing element
Info: Practice:release_planning: 35 mini seconds publishing element
Info: Roadmap:how_to_adopt: 13 mini seconds publishing element
Info: Concept:metrics: 19 mini seconds publishing element
Info: Artifact:project_plan: 46 mini seconds publishing element
Info: Task:plan_the_project: 81 mini seconds publishing element
Info: Report:project_burndown: 18 mini seconds publishing element
Info: Guideline:staffing_project: 86 mini seconds publishing element
Info: CustomCategory:roles: 15 mini seconds publishing element
Info: Role:developer: 69 mini seconds publishing element
Info: Role:external_project_coordinator: 48 mini seconds publishing element
Info: Role:operational_coordinator: 69 mini seconds publishing element
Info: Role:process_owner: 40 mini seconds publishing element
Info: Role:project_leader: 75 mini seconds publishing element
Info: Role:system_engineer: 54 mini seconds publishing element
Info: Role:technical_coordinator: 79 mini seconds publishing element
Info: Role:software_architect: 60 mini seconds publishing element
Info: CustomCategory:work_products: 19 mini seconds publishing element
Info: Artifact:database_design_specification: 12 mini seconds publishing element
Info: Artifact:flow_diagram: 13 mini seconds publishing element
Info: Deliverable:help_document: 253 mini seconds publishing element
Info: Artifact:interface_design_specification: 11 mini seconds publishing element
Info: Artifact:maintenance_doc: 13 mini seconds publishing element
Info: Artifact:project_plan: 20 mini seconds publishing element
Info: Artifact:software_design_specification: 16 mini seconds publishing element
Info: Artifact:software_requirements_specification: 211 mini seconds publishing element
Info: Artifact:system_requirement_specification: 35 mini seconds publishing element
Info: Artifact:test_plan: 21 mini seconds publishing element
Info: Artifact:uml_diagram: 15 mini seconds publishing element
Info: Artifact:use_case_diagram: 13 mini seconds publishing element
Info: Artifact:competitor_analysis_doc: 13 mini seconds publishing element
Info: Artifact:table_of_requirements_versioning: 36 mini seconds publishing element
Info: CustomCategory:tasks: 18 mini seconds publishing element
Info: Task:create_the_high_level_design: 22 mini seconds publishing element
Info: Task:create_the_low_level_design: 25 mini seconds publishing element
Info: Task:determination_of_the_project_team: 24 mini seconds publishing element
Info: Task:establishment_of_system_requirements: 20 mini seconds publishing element
Info: Task:establishment_of_software_requirements: 18 mini seconds publishing element
Info: Task:implement_alpha_tests: 22 mini seconds publishing element
Info: Task:implement_the_beta_tests: 26 mini seconds publishing element
Info: Task:implement_the_solution: 19 mini seconds publishing element
Info: Task:implement_the_unit_tests: 15 mini seconds publishing element
Info: Task:project_initialization: 18 mini seconds publishing element
Info: Task:technical_analysis: 22 mini seconds publishing element
Info: Task:update_project_schedule: 17 mini seconds publishing element
Info: Task:competitor_analysis: 33 mini seconds publishing element
Info: Task:prioritize_the_requirements: 21 mini seconds publishing element
Info: Task:review_the_software_requirements: 22 mini seconds publishing element
Info: Task:review_the_system_requirements: 18 mini seconds publishing element
Info: CustomCategory:guidance: 20 mini seconds publishing element
Info: Guideline:coding_policy: 22 mini seconds publishing element
Info: Checklist:external_dependency: 207 mini seconds publishing element
Info: SupportingMaterial:object_diagram: 19 mini seconds publishing element
Info: Guideline:success_criteria: 11 mini seconds publishing element
Info: Guideline:version_numbering: 15 mini seconds publishing element
Info: TermDefinition:milestone: 26 mini seconds publishing element
Info: TermDefinition:work_breakdown_structure: 17 mini seconds publishing element
Info: Guideline:deploying_the_solution: 22 mini seconds publishing element
Info: TermDefinition:architecture: 15 mini seconds publishing element
Info: Concept:requirements: 23 mini seconds publishing element
Info: Concept:traceability: 19 mini seconds publishing element
Info: TaskDescriptor:competitor_analysis: 234 mini seconds publishing element
Info: TaskDescriptor:determination_of_the_project_team: 33 mini seconds publishing element
Info: TaskDescriptor:project_initialization: 29 mini seconds publishing element
Info: TaskDescriptor:establishment_of_software_requirements: 32 mini seconds publishing element
Info: TaskDescriptor:establishment_of_system_requirements: 26 mini seconds publishing element
Info: TaskDescriptor:review_the_software_requirements: 32 mini seconds publishing element
Info: TaskDescriptor:review_the_system_requirements: 33 mini seconds publishing element
Info: TaskDescriptor:prioritize_the_requirements: 29 mini seconds publishing element
Info: TaskDescriptor:technical_analysis: 33 mini seconds publishing element
Info: TaskDescriptor:update_project_schedule: 32 mini seconds publishing element
Info: TaskDescriptor:create_the_high_level_design: 30 mini seconds publishing element
Info: TaskDescriptor:implement_the_solution: 26 mini seconds publishing element
Info: TaskDescriptor:prioritize_the_requirements: 32 mini seconds publishing element
Info: TaskDescriptor:technical_analysis: 43 mini seconds publishing element
Info: TaskDescriptor:update_project_schedule: 31 mini seconds publishing element
Info: TaskDescriptor:establishment_of_software_requirements: 28 mini seconds publishing element
Info: TaskDescriptor:review_the_software_requirements: 30 mini seconds publishing element
Info: TaskDescriptor:implement_alpha_tests: 24 mini seconds publishing element
Info: TaskDescriptor:implement_the_unit_tests: 23 mini seconds publishing element
Info: TaskDescriptor:run_tests: 31 mini seconds publishing element
Info: TaskDescriptor:implement_solution: 43 mini seconds publishing element
Info: TaskDescriptor:prioritize_the_requirements: 35 mini seconds publishing element
Info: TaskDescriptor:technical_analysis: 29 mini seconds publishing element
Info: TaskDescriptor:update_project_schedule: 35 mini seconds publishing element
Info: TaskDescriptor:establishment_of_software_requirements: 43 mini seconds publishing element
Info: TaskDescriptor:review_the_software_requirements: 32 mini seconds publishing element
Info: TaskDescriptor:implement_the_beta_tests: 28 mini seconds publishing element
Info: TaskDescriptor:implement_the_unit_tests: 23 mini seconds publishing element
Info: TaskDescriptor:run_tests: 21 mini seconds publishing element
Info: TaskDescriptor:implement_the_solution: 25 mini seconds publishing element
Info: TaskDescriptor:prioritize_the_requirements: 29 mini seconds publishing element
Info: TaskDescriptor:technical_analysis: 28 mini seconds publishing element
Info: TaskDescriptor:update_project_schedule: 28 mini seconds publishing element
Info: TaskDescriptor:establishment_of_software_requirements: 27 mini seconds publishing element
Info: TaskDescriptor:review_the_software_requirements: 24 mini seconds publishing element
Info: TaskDescriptor:run_tests: 33 mini seconds publishing element
Info: TaskDescriptor:implement_the_solution: 23 mini seconds publishing element
Info: TaskDescriptor:create_user_doc: 27 mini seconds publishing element
Info: TaskDescriptor:prioritize_the_requirements: 27 mini seconds publishing element
Info: TaskDescriptor:technical_analysis: 28 mini seconds publishing element
Info: TaskDescriptor:update_project_schedule: 30 mini seconds publishing element
Info: TaskDescriptor:establishment_of_software_requirements: 36 mini seconds publishing element
Info: TaskDescriptor:review_the_software_requirements: 31 mini seconds publishing element
Info: TaskDescriptor:implement_the_solution: 23 mini seconds publishing element
Info: TaskDescriptor:run_tests: 27 mini seconds publishing element
Info: RoleDescriptor:software_architect: 206 mini seconds publishing element
Info: RoleDescriptor:developer: 39 mini seconds publishing element
Info: RoleDescriptor:external_project_coordinator: 23 mini seconds publishing element
Info: RoleDescriptor:operational_coordinator: 26 mini seconds publishing element
Info: RoleDescriptor:process_owner: 32 mini seconds publishing element
Info: RoleDescriptor:project_leader: 28 mini seconds publishing element
Info: RoleDescriptor:system_engineer: 37 mini seconds publishing element
Info: RoleDescriptor:technical_coordinator: 37 mini seconds publishing element
Info: WorkProductDescriptor:activity_diagram: 288 mini seconds publishing element
Info: WorkProductDescriptor:architecture_notebook: 27 mini seconds publishing element
Info: WorkProductDescriptor:class_diagram: 26 mini seconds publishing element
Info: WorkProductDescriptor:competitor_analysis_doc: 32 mini seconds publishing element
Info: WorkProductDescriptor:dev_test: 24 mini seconds publishing element
Info: WorkProductDescriptor:high_level_design: 20 mini seconds publishing element
Info: WorkProductDescriptor:implementation: 27 mini seconds publishing element
Info: WorkProductDescriptor:low_level_design: 31 mini seconds publishing element
Info: WorkProductDescriptor:architecture_outline: 25 mini seconds publishing element
Info: WorkProductDescriptor:project_plan: 26 mini seconds publishing element
Info: WorkProductDescriptor:project_schedule: 32 mini seconds publishing element
Info: WorkProductDescriptor:requirements_specifications_document: 32 mini seconds publishing element
Info: WorkProductDescriptor:sequence_diagram: 30 mini seconds publishing element
Info: WorkProductDescriptor:software_requirements_specification: 22 mini seconds publishing element
Info: WorkProductDescriptor:system_requirement_specification: 28 mini seconds publishing element
Info: WorkProductDescriptor:system_requirments: 26 mini seconds publishing element
Info: WorkProductDescriptor:table_of_requirements_versioning: 25 mini seconds publishing element
Info: WorkProductDescriptor:test_cases: 23 mini seconds publishing element
Info: WorkProductDescriptor:test_plan: 28 mini seconds publishing element
Info: WorkProductDescriptor:test_results: 25 mini seconds publishing element
Info: WorkProductDescriptor:user_documentation: 22 mini seconds publishing element
Info: RoleDescriptor:external_project_coordinator: 24 mini seconds publishing element
Info: RoleDescriptor:operational_coordinator: 33 mini seconds publishing element
Info: RoleDescriptor:project_leader: 38 mini seconds publishing element
Info: RoleDescriptor:technical_coordinator: 36 mini seconds publishing element
Info: WorkProductDescriptor:competitor_analysis_doc: 31 mini seconds publishing element
Info: WorkProductDescriptor:high_level_design: 23 mini seconds publishing element
Info: WorkProductDescriptor:low_level_design: 23 mini seconds publishing element
Info: WorkProductDescriptor:project_plan: 31 mini seconds publishing element
Info: WorkProductDescriptor:project_schedule: 17 mini seconds publishing element
Info: WorkProductDescriptor:requirements_specifications_document: 26 mini seconds publishing element
Info: WorkProductDescriptor:software_requirements_specification: 51 mini seconds publishing element
Info: WorkProductDescriptor:system_requirement_specification: 36 mini seconds publishing element
Info: WorkProductDescriptor:system_requirments: 21 mini seconds publishing element
Info: WorkProductDescriptor:table_of_requirements_versioning: 61 mini seconds publishing element
Info: RoleDescriptor:developer: 37 mini seconds publishing element
Info: RoleDescriptor:external_project_coordinator: 36 mini seconds publishing element
Info: RoleDescriptor:operational_coordinator: 37 mini seconds publishing element
Info: RoleDescriptor:project_leader: 35 mini seconds publishing element
Info: RoleDescriptor:system_engineer: 30 mini seconds publishing element
Info: RoleDescriptor:technical_coordinator: 39 mini seconds publishing element
Info: WorkProductDescriptor:competitor_analysis_doc: 25 mini seconds publishing element
Info: WorkProductDescriptor:dev_test: 22 mini seconds publishing element
Info: WorkProductDescriptor:high_level_design: 26 mini seconds publishing element
Info: WorkProductDescriptor:implementation: 35 mini seconds publishing element
Info: WorkProductDescriptor:low_level_design: 27 mini seconds publishing element
Info: WorkProductDescriptor:project_plan: 24 mini seconds publishing element
Info: WorkProductDescriptor:project_schedule: 28 mini seconds publishing element
Info: WorkProductDescriptor:requirements_specifications_document: 21 mini seconds publishing element
Info: WorkProductDescriptor:software_requirements_specification: 28 mini seconds publishing element
Info: WorkProductDescriptor:system_requirement_specification: 30 mini seconds publishing element
Info: WorkProductDescriptor:system_requirments: 22 mini seconds publishing element
Info: WorkProductDescriptor:table_of_requirements_versioning: 42 mini seconds publishing element
Info: WorkProductDescriptor:test_results: 18 mini seconds publishing element
Info: RoleDescriptor:software_architect: 24 mini seconds publishing element
Info: RoleDescriptor:system_engineer: 26 mini seconds publishing element
Info: WorkProductDescriptor:architecture_notebook: 30 mini seconds publishing element
Info: WorkProductDescriptor:high_level_design: 25 mini seconds publishing element
Info: WorkProductDescriptor:low_level_design: 20 mini seconds publishing element
Info: WorkProductDescriptor:project_plan: 28 mini seconds publishing element
Info: WorkProductDescriptor:software_requirements_specification: 29 mini seconds publishing element
Info: WorkProductDescriptor:system_requirement_specification: 26 mini seconds publishing element
Info: WorkProductDescriptor:table_of_requirements_versioning: 30 mini seconds publishing element
Info: RoleDescriptor:software_architect: 24 mini seconds publishing element
Info: RoleDescriptor:developer: 38 mini seconds publishing element
Info: RoleDescriptor:project_leader: 26 mini seconds publishing element
Info: WorkProductDescriptor:activity_diagram: 23 mini seconds publishing element
Info: WorkProductDescriptor:architecture_notebook: 25 mini seconds publishing element
Info: WorkProductDescriptor:class_diagram: 24 mini seconds publishing element
Info: WorkProductDescriptor:competitor_analysis_doc: 23 mini seconds publishing element
Info: WorkProductDescriptor:dev_test: 21 mini seconds publishing element
Info: WorkProductDescriptor:high_level_design: 20 mini seconds publishing element
Info: WorkProductDescriptor:implementation: 22 mini seconds publishing element
Info: WorkProductDescriptor:low_level_design: 37 mini seconds publishing element
Info: WorkProductDescriptor:project_plan: 23 mini seconds publishing element
Info: WorkProductDescriptor:project_schedule: 20 mini seconds publishing element
Info: WorkProductDescriptor:requirements_specifications_document: 21 mini seconds publishing element
Info: WorkProductDescriptor:software_requirements_specification: 21 mini seconds publishing element
Info: WorkProductDescriptor:system_requirments: 27 mini seconds publishing element
Info: WorkProductDescriptor:table_of_requirements_versioning: 25 mini seconds publishing element
Info: WorkProductDescriptor:test_results: 20 mini seconds publishing element
Info: RoleDescriptor:developer: 28 mini seconds publishing element
Info: WorkProductDescriptor:dev_test: 20 mini seconds publishing element
Info: WorkProductDescriptor:high_level_design: 19 mini seconds publishing element
Info: WorkProductDescriptor:implementation: 30 mini seconds publishing element
Info: WorkProductDescriptor:low_level_design: 29 mini seconds publishing element
Info: WorkProductDescriptor:software_requirements_specification: 27 mini seconds publishing element
Info: WorkProductDescriptor:test_results: 27 mini seconds publishing element
Info: RoleDescriptor:software_architect: 26 mini seconds publishing element
Info: RoleDescriptor:developer: 28 mini seconds publishing element
Info: WorkProductDescriptor:architecture_notebook: 27 mini seconds publishing element
Info: WorkProductDescriptor:dev_test: 25 mini seconds publishing element
Info: WorkProductDescriptor:high_level_design: 23 mini seconds publishing element
Info: WorkProductDescriptor:implementation: 24 mini seconds publishing element
Info: WorkProductDescriptor:low_level_design: 29 mini seconds publishing element
Info: WorkProductDescriptor:software_requirements_specification: 19 mini seconds publishing element
Info: WorkProductDescriptor:test_cases: 23 mini seconds publishing element
Info: WorkProductDescriptor:test_results: 19 mini seconds publishing element
Info: RoleDescriptor:software_architect: 20 mini seconds publishing element
Info: RoleDescriptor:developer: 38 mini seconds publishing element
Info: RoleDescriptor:operational_coordinator: 29 mini seconds publishing element
Info: RoleDescriptor:system_engineer: 30 mini seconds publishing element
Info: WorkProductDescriptor:architecture_notebook: 33 mini seconds publishing element
Info: WorkProductDescriptor:dev_test: 25 mini seconds publishing element
Info: WorkProductDescriptor:high_level_design: 22 mini seconds publishing element
Info: WorkProductDescriptor:implementation: 33 mini seconds publishing element
Info: WorkProductDescriptor:low_level_design: 25 mini seconds publishing element
Info: WorkProductDescriptor:requirements_specifications_document: 26 mini seconds publishing element
Info: WorkProductDescriptor:software_requirements_specification: 28 mini seconds publishing element
Info: WorkProductDescriptor:system_requirement_specification: 20 mini seconds publishing element
Info: WorkProductDescriptor:system_requirments: 22 mini seconds publishing element
Info: WorkProductDescriptor:table_of_requirements_versioning: 24 mini seconds publishing element
Info: WorkProductDescriptor:test_cases: 24 mini seconds publishing element
Info: WorkProductDescriptor:test_plan: 22 mini seconds publishing element
Info: WorkProductDescriptor:test_results: 23 mini seconds publishing element
Info: RoleDescriptor:developer: 28 mini seconds publishing element
Info: WorkProductDescriptor:dev_test: 27 mini seconds publishing element
Info: WorkProductDescriptor:high_level_design: 29 mini seconds publishing element
Info: WorkProductDescriptor:implementation: 21 mini seconds publishing element
Info: WorkProductDescriptor:low_level_design: 23 mini seconds publishing element
Info: WorkProductDescriptor:software_requirements_specification: 22 mini seconds publishing element
Info: WorkProductDescriptor:test_results: 20 mini seconds publishing element
Info: RoleDescriptor:software_architect: 27 mini seconds publishing element
Info: RoleDescriptor:developer: 29 mini seconds publishing element
Info: WorkProductDescriptor:architecture_notebook: 28 mini seconds publishing element
Info: WorkProductDescriptor:dev_test: 22 mini seconds publishing element
Info: WorkProductDescriptor:high_level_design: 25 mini seconds publishing element
Info: WorkProductDescriptor:implementation: 21 mini seconds publishing element
Info: WorkProductDescriptor:low_level_design: 26 mini seconds publishing element
Info: WorkProductDescriptor:software_requirements_specification: 21 mini seconds publishing element
Info: WorkProductDescriptor:test_cases: 20 mini seconds publishing element
Info: WorkProductDescriptor:test_plan: 23 mini seconds publishing element
Info: WorkProductDescriptor:test_results: 25 mini seconds publishing element
Info: SupportingMaterial:references: 35 mini seconds publishing element
Info: SupportingMaterial:introduction_to_openup: 50 mini seconds publishing element
Info: TermDefinition:task: 24 mini seconds publishing element
Info: TermDefinition:work_product: 16 mini seconds publishing element
Info: Concept:core_principle_balance: 27 mini seconds publishing element
Info: Concept:risk: 25 mini seconds publishing element
Info: Concept:core_principle_collaborate: 38 mini seconds publishing element
Info: Concept:core_principle_focus: 21 mini seconds publishing element
Info: Concept:core_principle_evolve: 20 mini seconds publishing element
Info: Artifact:project_definition_and_scope_slot: 28 mini seconds publishing element
Info: Artifact:technical_architecture_slot: 23 mini seconds publishing element
Info: Artifact:technical_specification_slot: 33 mini seconds publishing element
Info: Artifact:technical_test_results_slot: 16 mini seconds publishing element
Info: Guideline:self_organize_work_assignments: 43 mini seconds publishing element
Info: Domain:project_management_domain: 33 mini seconds publishing element
Info: Artifact:project_status_slot: 17 mini seconds publishing element
Info: Artifact:project_work_slot: 18 mini seconds publishing element
Info: Role:project_manager: 86 mini seconds publishing element
Info: Template:iteration_plan: 37 mini seconds publishing element
Info: Example:iteration_burndown_report_example: 40 mini seconds publishing element
Info: Example:iteration_plan: 19 mini seconds publishing element
Info: Checklist:iteration_plan: 24 mini seconds publishing element
Info: Role:analyst: 114 mini seconds publishing element
Info: Role:any_role: 33 mini seconds publishing element
Info: Task:identify_and_outline_requirements: 63 mini seconds publishing element
Info: Template:work_items_list: 29 mini seconds publishing element
Info: Checklist:work_items_list: 25 mini seconds publishing element
Info: Artifact:project_risk_slot: 14 mini seconds publishing element
Info: TermDefinition:risk: 16 mini seconds publishing element
Info: Template:risk_list: 24 mini seconds publishing element
Info: Checklist:risk_list: 25 mini seconds publishing element
Info: Discipline:project_management_discipline: 32 mini seconds publishing element
Info: Role:architect: 84 mini seconds publishing element
Info: Role:developer: 170 mini seconds publishing element
Info: Role:stakeholder: 62 mini seconds publishing element
Info: Role:tester: 114 mini seconds publishing element
Info: ToolMentor:use_method_composer_to_update_process: 24 mini seconds publishing element
Info: Guideline:collaboration_guidance_slot: 23 mini seconds publishing element
Info: Guideline:project_planning_guidance_slot: 21 mini seconds publishing element
Info: Domain:deployment_domain: 24 mini seconds publishing element
Info: Discipline:deployment_discipline: 43 mini seconds publishing element
Info: RoleSet:deployment_roles_list: 50 mini seconds publishing element
Info: Task:verify_successful_deployment: 46 mini seconds publishing element
Info: Template:project_plan: 39 mini seconds publishing element
Info: Example:project_burndown_report_example: 44 mini seconds publishing element
Info: Example:project_plan: 27 mini seconds publishing element
Info: Checklist:project_plan: 27 mini seconds publishing element
Info: RoleSet:dev_team: 17 mini seconds publishing element
Info: RoleSet:whole_team: 20 mini seconds publishing element
Info: Task:create_user_doc: 18 mini seconds publishing element
Info: Task:refine_architecture: 39 mini seconds publishing element
Info: Artifact:dev_test: 23 mini seconds publishing element
Info: Artifact:implementation: 19 mini seconds publishing element
Info: Artifact:test_cases: 29 mini seconds publishing element
Info: Artifact:test_results: 20 mini seconds publishing element
Info: Guideline:requirement_statement: 28 mini seconds publishing element
Info: Task:implement_developer_test: 38 mini seconds publishing element
Info: Task:implement_solution: 41 mini seconds publishing element
Info: Task:run_tests: 14 mini seconds publishing element
Info: RoleSet:architecture: 14 mini seconds publishing element
Info: Artifact:requirements_specifications_document: 18 mini seconds publishing element
Info: Artifact:system_requirments: 22 mini seconds publishing element
Info: Task:gather_requirements: 31 mini seconds publishing element
Info: Task:product_initialization: 23 mini seconds publishing element
Info: Artifact:activity_diagram: 22 mini seconds publishing element
Info: Artifact:class_diagram: 22 mini seconds publishing element
Info: Artifact:low_level_design: 21 mini seconds publishing element
Info: Artifact:project_schedule: 13 mini seconds publishing element
Info: Artifact:high_level_design: 28 mini seconds publishing element
Info: Artifact:interaction_diagram: 16 mini seconds publishing element
Info: Artifact:architecture_outline: 16 mini seconds publishing element
Info: Task:envision_architecture: 23 mini seconds publishing element
Info: Artifact:architecture_notebook: 59 mini seconds publishing element
Info: Guideline:modeling_the_arch: 35 mini seconds publishing element
Info: Checklist:design: 48 mini seconds publishing element
Info: Concept:design: 36 mini seconds publishing element
Info: Guideline:analyze_the_design: 36 mini seconds publishing element
Info: Guideline:evolve_the_design: 37 mini seconds publishing element
Info: Guideline:effective_req_reviews: 26 mini seconds publishing element
Info: Concept:use_case: 51 mini seconds publishing element
Info: Concept:software_architecture: 48 mini seconds publishing element
Info: Template:architecture_notebook: 33 mini seconds publishing element
Info: Checklist:architecture_notebook: 34 mini seconds publishing element
Info: Artifact:sequence_diagram: 15 mini seconds publishing element
Info: Artifact:user_documentation: 13 mini seconds publishing element
Info: CustomCategory:getting_started_list: 30 mini seconds publishing element
Info: CustomCategory:core_principles_category: 26 mini seconds publishing element
Info: CustomCategory:role_set_list: 50 mini seconds publishing element
Info: CustomCategory:work_products: 47 mini seconds publishing element
Info: CustomCategory:tasks: 38 mini seconds publishing element
Info: : 2016 mini-second(s) publishing element DeliveryProcess:openup_lifecycle[process.openup.base\deliveryprocesses\openup_lifecycle_EE511F3A.html]
Info: DeliveryProcess:openup_lifecycle: 2020 mini seconds publishing element
Info: DeliveryProcess:openup_lifecycle: 1024 mini seconds publishing process specific layout data
Info: Artifact:build: 44 mini seconds publishing element
Info: TermDefinition:artifact: 14 mini seconds publishing element
Info: TermDefinition:deliverable: 18 mini seconds publishing element
Info: TermDefinition:outcome: 17 mini seconds publishing element
Info: Task:design_solution: 69 mini seconds publishing element
Info: Artifact:glossary: 50 mini seconds publishing element
Info: Artifact:system_wide_requirements: 39 mini seconds publishing element
Info: Artifact:use_case: 66 mini seconds publishing element
Info: Artifact:use_case_model: 68 mini seconds publishing element
Info: Artifact:vision: 44 mini seconds publishing element
Info: Task:create_test_cases: 54 mini seconds publishing element
Info: Task:envision_the_arch: 89 mini seconds publishing element
Info: Task:implement_solution: 71 mini seconds publishing element
Info: Task:refine_the_arch: 88 mini seconds publishing element
Info: Artifact:test_log: 79 mini seconds publishing element
Info: Guideline:work_assignment_guidance_slot: 69 mini seconds publishing element
Info: Concept:whole_team: 59 mini seconds publishing element
Info: Guideline:daily_meetings: 26 mini seconds publishing element
Info: RoleSet:basic_role_set: 18 mini seconds publishing element
Info: Task:define_discovery_roadmap: 39 mini seconds publishing element
Info: Task:develop_technical_vision: 62 mini seconds publishing element
Info: Artifact:discovery_workshop_itinerary: 54 mini seconds publishing element
Info: Task:organise_workshop: 53 mini seconds publishing element
Info: Task:implement_tests: 57 mini seconds publishing element
Info: Task:detail_system_wide_requirements: 31 mini seconds publishing element
Info: Task:detail_use_case_scenarios: 47 mini seconds publishing element
Info: Discipline:requirements_discipline: 32 mini seconds publishing element
Info: Concept:actor: 39 mini seconds publishing element
Info: Guideline:identify_and_outline_actors_and_ucs: 36 mini seconds publishing element
Info: Guideline:system_wide_requirements: 55 mini seconds publishing element
Info: Concept:system_wide_requirements: 41 mini seconds publishing element
Info: Guideline:req_gathering_techniques: 65 mini seconds publishing element
Info: Task:deliver_release_communications: 54 mini seconds publishing element
Info: Task:execute_backout_plan: 37 mini seconds publishing element
Info: Task:execute_deployment_plan: 30 mini seconds publishing element
Info: Task:plan_deployment: 51 mini seconds publishing element
Info: Artifact:backout_plan: 26 mini seconds publishing element
Info: Artifact:design: 47 mini seconds publishing element
Info: Artifact:developer_test: 42 mini seconds publishing element
Info: Artifact:implementation: 42 mini seconds publishing element
Info: Artifact:infrastructure: 35 mini seconds publishing element
Info: Deliverable:release: 37 mini seconds publishing element
Info: Task:build_object_models: 28 mini seconds publishing element
Info: Task:develop_backout_plan: 50 mini seconds publishing element
Info: Task:develop_unit_tests: 28 mini seconds publishing element
Info: Task:enhance_object_models: 25 mini seconds publishing element
Info: Task:implement_developer_tests: 45 mini seconds publishing element
Info: Task:install_validate_infrastructure: 49 mini seconds publishing element
Info: Task:integrate_and_create_build: 65 mini seconds publishing element
Info: Task:package_the_release: 44 mini seconds publishing element
Info: Task:review_conform_to_release_controls: 37 mini seconds publishing element
Info: Task:run_developer_tests: 37 mini seconds publishing element
Info: Task:define_data_scenario: 26 mini seconds publishing element
Info: Artifact:rule_report: 32 mini seconds publishing element
Info: Artifact:test_case: 27 mini seconds publishing element
Info: Artifact:test_script: 30 mini seconds publishing element
Info: Task:execute_ruleset_functional_test: 29 mini seconds publishing element
Info: Task:get_rule_set_reports: 20 mini seconds publishing element
Info: Task:run_tests: 48 mini seconds publishing element
Info: Task:test_analysis: 48 mini seconds publishing element
Info: Tool:method_composer_tool: 26 mini seconds publishing element
Info: SupportingMaterial:resources_for_customizing_methods: 29 mini seconds publishing element
Info: Guideline:maintain_a_sustainable_pace: 15 mini seconds publishing element
Info: Artifact:deployment_plan: 30 mini seconds publishing element
Info: Artifact:release_communications: 25 mini seconds publishing element
Info: Artifact:release_controls: 30 mini seconds publishing element
Info: Task:develop_release_communications: 32 mini seconds publishing element
Info: Role:deployment_engineer: 96 mini seconds publishing element
Info: Role:deployment_manager: 41 mini seconds publishing element
Info: Discipline:architecture: 21 mini seconds publishing element
Info: Concept:arch_goals: 24 mini seconds publishing element
Info: Concept:arch_significant_requirements: 25 mini seconds publishing element
Info: Concept:component: 21 mini seconds publishing element
Info: Concept:key_abstractions: 21 mini seconds publishing element
Info: Guideline:repres_interfaces_to_ext_systems: 21 mini seconds publishing element
Info: Concept:arch_mechanism: 36 mini seconds publishing element
Info: Concept:pattern: 27 mini seconds publishing element
Info: Domain:implementation_domain: 18 mini seconds publishing element
Info: Domain:requirements: 15 mini seconds publishing element
Info: Discipline:implementation_discipline: 20 mini seconds publishing element
Info: Guideline:proprietary_open_project: 15 mini seconds publishing element
Info: Guideline:requirements_prioritization: 12 mini seconds publishing element
Info: Guideline:requirements_versioning: 13 mini seconds publishing element
Info: SupportingMaterial:competitor_analysis: 14 mini seconds publishing element
Info: SupportingMaterial:requirment_statement: 18 mini seconds publishing element
Info: Discipline:requirements: 16 mini seconds publishing element
Info: Domain:architecture: 14 mini seconds publishing element
Info: Domain:architecture_domain: 17 mini seconds publishing element
Info: Guideline:using_visual_modeling: 19 mini seconds publishing element
Info: Guideline:refactoring: 33 mini seconds publishing element
Info: Concept:refactoring: 34 mini seconds publishing element
Info: Guideline:entity_control_boundary_pattern: 30 mini seconds publishing element
Info: Guideline:software_reuse: 30 mini seconds publishing element
Info: Concept:requirements_realization: 19 mini seconds publishing element
Info: Guideline:designing_visually: 70 mini seconds publishing element
Info: Guideline:layering: 20 mini seconds publishing element
Info: Checklist:general_requirements: 20 mini seconds publishing element
Info: Guideline:detail_ucs_and_scenarios: 17 mini seconds publishing element
Info: Guideline:use_case_model: 23 mini seconds publishing element
Info: Task:develop_architecture: 60 mini seconds publishing element
Info: Concept:executable_arch: 21 mini seconds publishing element
Info: Roadmap:how_to_adopt_evolutionary_arch_practice: 22 mini seconds publishing element
Info: Concept:arch_constraints: 31 mini seconds publishing element
Info: Concept:arch_views_viewpoints: 18 mini seconds publishing element
Info: CustomCategory:understanding_openup: 19 mini seconds publishing element
Info: Concept:basic_process_concepts: 38 mini seconds publishing element
Info: Concept:practice: 18 mini seconds publishing element
Info: SupportingMaterial:resources_for_contributing_to_epf: 15 mini seconds publishing element
Info: RoleSet:brd_role_set: 15 mini seconds publishing element
Info: RoleSet:environment_roles_list: 19 mini seconds publishing element
Info: Domain:brd_domains: 28 mini seconds publishing element
Info: Domain:development_domain: 29 mini seconds publishing element
Info: Domain:environment_domain: 18 mini seconds publishing element
Info: Domain:maintenance_domain: 13 mini seconds publishing element
Info: Domain:requirements_domain: 25 mini seconds publishing element
Info: Domain:test_domain: 18 mini seconds publishing element
Info: Domain:testing_domain: 18 mini seconds publishing element
Info: Discipline:architecture_discipline: 24 mini seconds publishing element
Info: Discipline:brd_disciplines: 17 mini seconds publishing element
Info: Discipline:development_discipline: 30 mini seconds publishing element
Info: Discipline:environment_discipline: 21 mini seconds publishing element
Info: Discipline:maintenance_discipline: 12 mini seconds publishing element
Info: Discipline:test_discipline: 23 mini seconds publishing element
Info: Discipline:testing_discipline: 16 mini seconds publishing element
Info: Discipline:to_delete: 16 mini seconds publishing element
Info: Discipline:to_delete_2: 15 mini seconds publishing element
Info: Phase:Inception Phase: 291 mini seconds publishing element
Info: Iteration:inception_phase_iteration: 258 mini seconds publishing element
Info: Activity:initiate_project: 143 mini seconds publishing element
Info: TaskDescriptor:develop_technical_vision: 36 mini seconds publishing element
Info: TaskDescriptor:plan_the_project: 47 mini seconds publishing element
Info: Activity:plan_manage_iteration: 192 mini seconds publishing element
Info: TaskDescriptor:plan_iteration: 41 mini seconds publishing element
Info: Activity:Prepare Environment: 105 mini seconds publishing element
Info: TaskDescriptor:tailor_process: 35 mini seconds publishing element
Info: TaskDescriptor:setup_tools: 30 mini seconds publishing element
Info: TaskDescriptor:verify_tool_config_installation: 37 mini seconds publishing element
Info: TaskDescriptor:deploy_process: 28 mini seconds publishing element
Info: TaskDescriptor:manage_iteration: 52 mini seconds publishing element
Info: TaskDescriptor:assess_results: 48 mini seconds publishing element
Info: Activity:identify_and_refine_requirements: 151 mini seconds publishing element
Info: TaskDescriptor:identify_and_outline_requirements: 45 mini seconds publishing element
Info: TaskDescriptor:detail_use_case_scenarios: 38 mini seconds publishing element
Info: TaskDescriptor:detail_system_wide_requirements: 29 mini seconds publishing element
Info: TaskDescriptor:create_test_cases: 34 mini seconds publishing element
Info: Activity:agree_technical_approach: 131 mini seconds publishing element
Info: TaskDescriptor:envision_the_arch: 50 mini seconds publishing element
Info: Milestone:lifecycle_objectives_milestone: 18 mini seconds publishing element
Info: Phase:Elaboration Phase: 284 mini seconds publishing element
Info: Iteration:elaboration_phase_iteration: 287 mini seconds publishing element
Info: Activity:plan_manage_iteration: 187 mini seconds publishing element
Info: TaskDescriptor:plan_deployment: 33 mini seconds publishing element
Info: Activity:identify_and_refine_requirements: 165 mini seconds publishing element
Info: Activity:develop_architecture: 148 mini seconds publishing element
Info: Activity:develop_solution: 151 mini seconds publishing element
Info: TaskDescriptor:design_solution: 76 mini seconds publishing element
Info: TaskDescriptor:implement_developer_tests: 33 mini seconds publishing element
Info: TaskDescriptor:implement_solution: 32 mini seconds publishing element
Info: TaskDescriptor:run_developer_tests: 39 mini seconds publishing element
Info: TaskDescriptor:integrate_and_create_build: 39 mini seconds publishing element
Info: TaskDescriptor:refine_the_arch: 49 mini seconds publishing element
Info: Activity:develop_solution: 156 mini seconds publishing element
Info: Activity:test_solution: 130 mini seconds publishing element
Info: TaskDescriptor:implement_tests: 36 mini seconds publishing element
Info: TaskDescriptor:run_tests: 35 mini seconds publishing element
Info: Activity:ongoing_tasks: 115 mini seconds publishing element
Info: TaskDescriptor:request_change: 27 mini seconds publishing element
Info: Milestone:lifecycle_architecture_milestone: 15 mini seconds publishing element
Info: Phase:Construction Phase: 284 mini seconds publishing element
Info: Iteration:construction_phase_iteration: 303 mini seconds publishing element
Info: Activity:plan_manage_iteration: 221 mini seconds publishing element
Info: TaskDescriptor:plan_deployment: 39 mini seconds publishing element
Info: Activity:identify_and_refine_requirements: 168 mini seconds publishing element
Info: Activity:develop_solution: 180 mini seconds publishing element
Info: Activity:test_solution: 131 mini seconds publishing element
Info: Activity:ongoing_tasks: 114 mini seconds publishing element
Info: Activity:prepare_product_documentation: 128 mini seconds publishing element
Info: TaskDescriptor:develop_product_documentation: 33 mini seconds publishing element
Info: TaskDescriptor:develop_user_documentation: 35 mini seconds publishing element
Info: TaskDescriptor:develop_support_documentation: 43 mini seconds publishing element
Info: TaskDescriptor:develop_training_materials: 46 mini seconds publishing element
Info: Milestone:initial_operational_capability_milestone: 18 mini seconds publishing element
Info: Phase:Transition Phase: 298 mini seconds publishing element
Info: Iteration:transition_phase_iteration: 294 mini seconds publishing element
Info: Activity:plan_manage_iteration: 205 mini seconds publishing element
Info: Activity:develop_solution: 168 mini seconds publishing element
Info: Activity:test_solution: 132 mini seconds publishing element
Info: Activity:prep_doc_trng: 135 mini seconds publishing element
Info: Activity:prepare_for_release: 128 mini seconds publishing element
Info: TaskDescriptor:review_conform_to_release_controls: 27 mini seconds publishing element
Info: TaskDescriptor:install_validate_infrastructure: 36 mini seconds publishing element
Info: TaskDescriptor:develop_backout_plan: 37 mini seconds publishing element
Info: TaskDescriptor:develop_release_communications: 30 mini seconds publishing element
Info: Activity:provide_product_training: 111 mini seconds publishing element
Info: TaskDescriptor:deliver_end_user_training: 37 mini seconds publishing element
Info: TaskDescriptor:deliver_support_training: 33 mini seconds publishing element
Info: Activity:ongoing_tasks: 110 mini seconds publishing element
Info: Activity:deploy_release_to_production: 141 mini seconds publishing element
Info: TaskDescriptor:package_the_release: 37 mini seconds publishing element
Info: TaskDescriptor:execute_deployment_plan: 38 mini seconds publishing element
Info: TaskDescriptor:verify_successful_deployment: 31 mini seconds publishing element
Info: TaskDescriptor:execute_backout_plan: 47 mini seconds publishing element
Info: TaskDescriptor:deliver_release_communications: 35 mini seconds publishing element
Info: Milestone:product_release_milestone: 18 mini seconds publishing element
Info: RoleDescriptor:analyst: 41 mini seconds publishing element
Info: RoleDescriptor:any_role: 32 mini seconds publishing element
Info: RoleDescriptor:architect: 30 mini seconds publishing element
Info: RoleDescriptor:course_developer: 27 mini seconds publishing element
Info: RoleDescriptor:deployment_engineer: 32 mini seconds publishing element
Info: RoleDescriptor:developer: 34 mini seconds publishing element
Info: RoleDescriptor:process_engineer: 30 mini seconds publishing element
Info: RoleDescriptor:product_owner: 31 mini seconds publishing element
Info: RoleDescriptor:project_manager: 34 mini seconds publishing element
Info: RoleDescriptor:stakeholder: 29 mini seconds publishing element
Info: RoleDescriptor:technical_writer: 31 mini seconds publishing element
Info: RoleDescriptor:tester: 28 mini seconds publishing element
Info: RoleDescriptor:tool_specialist: 27 mini seconds publishing element
Info: RoleDescriptor:trainer: 33 mini seconds publishing element
Info: WorkProductDescriptor:project_definition_and_scope_slot: 29 mini seconds publishing element
Info: WorkProductDescriptor:project_work_slot: 35 mini seconds publishing element
Info: WorkProductDescriptor:technical_architecture_slot: 33 mini seconds publishing element
Info: WorkProductDescriptor:technical_design_slot: 32 mini seconds publishing element
Info: WorkProductDescriptor:technical_implementation_slot: 29 mini seconds publishing element
Info: WorkProductDescriptor:technical_specification_slot: 32 mini seconds publishing element
Info: WorkProductDescriptor:technical_test_results_slot: 37 mini seconds publishing element
Info: WorkProductDescriptor:architecture_notebook: 39 mini seconds publishing element
Info: WorkProductDescriptor:backout_plan: 49 mini seconds publishing element
Info: WorkProductDescriptor:build: 34 mini seconds publishing element
Info: WorkProductDescriptor:deployment_plan: 34 mini seconds publishing element
Info: WorkProductDescriptor:design: 29 mini seconds publishing element
Info: WorkProductDescriptor:developer_test: 33 mini seconds publishing element
Info: WorkProductDescriptor:glossary: 41 mini seconds publishing element
Info: WorkProductDescriptor:implementation: 24 mini seconds publishing element
Info: WorkProductDescriptor:infrastructure: 28 mini seconds publishing element
Info: WorkProductDescriptor:iteration_plan: 35 mini seconds publishing element
Info: WorkProductDescriptor:product_documentation: 38 mini seconds publishing element
Info: WorkProductDescriptor:project_defined_process: 35 mini seconds publishing element
Info: WorkProductDescriptor:project_plan: 34 mini seconds publishing element
Info: WorkProductDescriptor:release: 30 mini seconds publishing element
Info: WorkProductDescriptor:release_communications: 34 mini seconds publishing element
Info: WorkProductDescriptor:release_controls: 33 mini seconds publishing element
Info: WorkProductDescriptor:risk_list: 38 mini seconds publishing element
Info: WorkProductDescriptor:support_documentation: 30 mini seconds publishing element
Info: WorkProductDescriptor:system_wide_requirements: 33 mini seconds publishing element
Info: WorkProductDescriptor:test_case: 31 mini seconds publishing element
Info: WorkProductDescriptor:test_log: 25 mini seconds publishing element
Info: WorkProductDescriptor:test_script: 30 mini seconds publishing element
Info: WorkProductDescriptor:tools: 32 mini seconds publishing element
Info: WorkProductDescriptor:training_materials: 22 mini seconds publishing element
Info: WorkProductDescriptor:use_case: 32 mini seconds publishing element
Info: WorkProductDescriptor:use_case_model: 33 mini seconds publishing element
Info: WorkProductDescriptor:user_documentation: 25 mini seconds publishing element
Info: WorkProductDescriptor:vision: 34 mini seconds publishing element
Info: WorkProductDescriptor:work_items_list: 30 mini seconds publishing element
Info: Artifact:technical_implementation_slot: 28 mini seconds publishing element
Info: Concept:design_mechanism: 21 mini seconds publishing element
Info: Concept:implementation_mechanism: 18 mini seconds publishing element
Info: Guideline:design_guidance_slot: 21 mini seconds publishing element
Info: Template:systemwide_requirements_specification: 28 mini seconds publishing element
Info: Guideline:writing_good_requirements: 22 mini seconds publishing element
Info: Domain:rule_discovery: 16 mini seconds publishing element
Info: Template:use_case_specification: 28 mini seconds publishing element
Info: Example:use_case_spec: 35 mini seconds publishing element
Info: Checklist:use_case: 41 mini seconds publishing element
Info: Task:review_decision_point_table: 51 mini seconds publishing element
Info: Example:uc_model_evolve: 23 mini seconds publishing element
Info: Checklist:use_case_model: 31 mini seconds publishing element
Info: Concept:use_case_model: 30 mini seconds publishing element
Info: Template:vision: 22 mini seconds publishing element
Info: Checklist:vision: 27 mini seconds publishing element
Info: Checklist:test_case: 25 mini seconds publishing element
Info: Checklist:test_data: 28 mini seconds publishing element
Info: Concept:test_ideas: 12 mini seconds publishing element
Info: Guideline:test_ideas: 22 mini seconds publishing element
Info: Guideline:abstract_away_complexity: 29 mini seconds publishing element
Info: Artifact:technical_design_slot: 26 mini seconds publishing element
Info: Guideline:mapping_design_to_code: 19 mini seconds publishing element
Info: TermDefinition:role: 12 mini seconds publishing element
Info: Discipline:rule_discovery: 32 mini seconds publishing element
Info: Role:rule_analyst: 150 mini seconds publishing element
Info: Role:business_analyst: 51 mini seconds publishing element
Info: Artifact:decision_point_table: 65 mini seconds publishing element
Info: Artifact:business_process_map: 39 mini seconds publishing element
Info: Artifact:rule_discovery_roadmap: 30 mini seconds publishing element
Info: TermDefinition:rule_set: 13 mini seconds publishing element
Info: Guideline:types_of_rule_discovery: 31 mini seconds publishing element
Info: TermDefinition:feature: 20 mini seconds publishing element
Info: Concept:requirement_attributes: 18 mini seconds publishing element
Info: Task:execute_rule_discovery_roadmap: 70 mini seconds publishing element
Info: Template:rule_discovery_invite: 24 mini seconds publishing element
Info: Concept:cycle_approach: 66 mini seconds publishing element
Info: Guideline:organise_rule_discovery_workshop: 19 mini seconds publishing element
Info: Guideline:programming_automated_tests: 22 mini seconds publishing element
Info: Guideline:test_suite: 27 mini seconds publishing element
Info: Checklist:test_script: 26 mini seconds publishing element
Info: Guideline:maintaining_automated_test_suite: 24 mini seconds publishing element
Info: Checklist:system_wide_rqmts_furps: 22 mini seconds publishing element
Info: Checklist:deployment_plan: 34 mini seconds publishing element
Info: Template:design: 21 mini seconds publishing element
Info: Checklist:developer_test: 23 mini seconds publishing element
Info: Discipline:rule_design: 22 mini seconds publishing element
Info: Discipline:rule_authoring: 44 mini seconds publishing element
Info: Role:rule_writer: 82 mini seconds publishing element
Info: Concept:developer_testing: 22 mini seconds publishing element
Info: Concept:workspace: 28 mini seconds publishing element
Info: Concept:change_set: 17 mini seconds publishing element
Info: Guideline:promoting_changes: 23 mini seconds publishing element
Info: Guideline:continuous_integration: 19 mini seconds publishing element
Info: Discipline:rule_validation: 25 mini seconds publishing element
Info: Domain:rule_validation: 13 mini seconds publishing element
Info: Task:get_sme_feedback: 20 mini seconds publishing element
Info: Concept:testing_qualitative_rqmts: 18 mini seconds publishing element
Info: Template:test_case: 25 mini seconds publishing element
Info: Template:test_script: 23 mini seconds publishing element
Info: Artifact:ruleset: 42 mini seconds publishing element
Info: Artifact:rsm_report: 22 mini seconds publishing element
Info: Guideline:rule_delta_testing: 50 mini seconds publishing element
Info: SupportingMaterial:epf_resources: 21 mini seconds publishing element
Info: SupportingMaterial:rational_method_composer_resources: 19 mini seconds publishing element
Info: Task:tailor_process: 52 mini seconds publishing element
Info: TermDefinition:method_configuration: 17 mini seconds publishing element
Info: TermDefinition:method_content: 13 mini seconds publishing element
Info: TermDefinition:process: 15 mini seconds publishing element
Info: TermDefinition:capability_pattern: 13 mini seconds publishing element
Info: TermDefinition:delivery_process: 21 mini seconds publishing element
Info: TermDefinition:custom_category: 19 mini seconds publishing element
Info: Concept:analysis_mechanism: 20 mini seconds publishing element
Info: Example:architectural_mechanism_attributes: 18 mini seconds publishing element
Info: Guideline:example_design_mechanisms: 89 mini seconds publishing element
Info: Guideline:identify_common_architectural_mechanisms: 19 mini seconds publishing element
Info: Roadmap:how_to_adopt_evolutionary_design: 25 mini seconds publishing element
Info: Artifact:build: 14 mini seconds publishing element
Info: Concept:visual_modeling: 29 mini seconds publishing element
Info: Guideline:test_driven_development: 39 mini seconds publishing element
Info: Checklist:implementation: 20 mini seconds publishing element
Info: Concept:coding_standard: 17 mini seconds publishing element
Info: Guideline:uc_realizations: 29 mini seconds publishing element
Info: Discipline:architecture: 18 mini seconds publishing element
Info: Role:rule_architect: 126 mini seconds publishing element
Info: Artifact:logical_data_model: 40 mini seconds publishing element
Info: Artifact:decision_service_architecture: 64 mini seconds publishing element
Info: Example:four_plus_one_view_of_arch: 20 mini seconds publishing element
Info: Roadmap:openup_roadmap: 31 mini seconds publishing element
Info: SupportingMaterial:who_should_use_openup: 18 mini seconds publishing element
Info: SupportingMaterial:minimal_complete_extensible: 19 mini seconds publishing element
Info: Role:business_process_analyst: 52 mini seconds publishing element
Info: Role:rule_administrator: 51 mini seconds publishing element
Info: Role:rule_steward: 51 mini seconds publishing element
Info: Role:subject_matter_expert: 44 mini seconds publishing element
Info: Role:process_engineer: 46 mini seconds publishing element
Info: Role:tool_specialist: 52 mini seconds publishing element
Info: Domain:architecture: 14 mini seconds publishing element
Info: Domain:rule_analysis: 15 mini seconds publishing element
Info: Domain:rule_authoring: 18 mini seconds publishing element
Info: Domain:rule_deployment: 14 mini seconds publishing element
Info: Domain:rule_design: 18 mini seconds publishing element
Info: Domain:rule_governance: 24 mini seconds publishing element
Info: Artifact:project_defined_process: 35 mini seconds publishing element
Info: Artifact:tools: 31 mini seconds publishing element
Info: Discipline:rule_analysis: 30 mini seconds publishing element
Info: Discipline:rule_deployment: 15 mini seconds publishing element
Info: Discipline:rule_governance: 22 mini seconds publishing element
Info: Task:deploy_process: 33 mini seconds publishing element
Info: Task:setup_tools: 40 mini seconds publishing element
Info: Task:verify_tool_config_installation: 42 mini seconds publishing element
Info: CapabilityPattern:inception_phase_iteration: 298 mini seconds publishing element
Info: CapabilityPattern:inception_phase_iteration: 126 mini seconds publishing process specific layout data
Info: CapabilityPattern:identify_and_refine_requirements: 135 mini seconds publishing element
Info: CapabilityPattern:identify_and_refine_requirements: 14 mini seconds publishing process specific layout data
Info: CapabilityPattern:initiate_project: 131 mini seconds publishing element
Info: CapabilityPattern:initiate_project: 10 mini seconds publishing process specific layout data
Info: CapabilityPattern:agree_technical_approach: 127 mini seconds publishing element
Info: CapabilityPattern:agree_technical_approach: 7 mini seconds publishing process specific layout data
Info: CapabilityPattern:plan_manage_iteration: 152 mini seconds publishing element
Info: CapabilityPattern:plan_manage_iteration: 16 mini seconds publishing process specific layout data
Info: RoleDescriptor:analyst: 28 mini seconds publishing element
Info: RoleDescriptor:architect: 28 mini seconds publishing element
Info: RoleDescriptor:developer: 31 mini seconds publishing element
Info: RoleDescriptor:project_manager: 29 mini seconds publishing element
Info: RoleDescriptor:stakeholder: 31 mini seconds publishing element
Info: RoleDescriptor:tester: 30 mini seconds publishing element
Info: WorkProductDescriptor:technical_specification_slot: 35 mini seconds publishing element
Info: WorkProductDescriptor:architecture_notebook: 27 mini seconds publishing element
Info: WorkProductDescriptor:build: 25 mini seconds publishing element
Info: WorkProductDescriptor:design: 35 mini seconds publishing element
Info: WorkProductDescriptor:developer_test: 25 mini seconds publishing element
Info: WorkProductDescriptor:glossary: 28 mini seconds publishing element
Info: WorkProductDescriptor:implementation: 22 mini seconds publishing element
Info: WorkProductDescriptor:iteration_plan: 42 mini seconds publishing element
Info: WorkProductDescriptor:project_plan: 28 mini seconds publishing element
Info: WorkProductDescriptor:risk_list: 39 mini seconds publishing element
Info: WorkProductDescriptor:system_wide_requirements: 31 mini seconds publishing element
Info: WorkProductDescriptor:test_case: 27 mini seconds publishing element
Info: WorkProductDescriptor:test_log: 26 mini seconds publishing element
Info: WorkProductDescriptor:test_script: 28 mini seconds publishing element
Info: WorkProductDescriptor:use_case: 32 mini seconds publishing element
Info: WorkProductDescriptor:use_case_model: 30 mini seconds publishing element
Info: WorkProductDescriptor:vision: 36 mini seconds publishing element
Info: WorkProductDescriptor:work_items_list: 39 mini seconds publishing element
Info: Concept:development_case: 21 mini seconds publishing element
Info: Guideline:tailor_process_project: 26 mini seconds publishing element
Info: Guideline:tailoring_specific_process_area: 21 mini seconds publishing element
Info: Guideline:tailoring_configuration_management: 20 mini seconds publishing element
Info: Guideline:tailoring_risk_management: 22 mini seconds publishing element
Info: Guideline:deploying_tools: 17 mini seconds publishing element
Info: RoleDescriptor:analyst: 37 mini seconds publishing element
Info: RoleDescriptor:architect: 38 mini seconds publishing element
Info: RoleDescriptor:developer: 36 mini seconds publishing element
Info: RoleDescriptor:stakeholder: 31 mini seconds publishing element
Info: RoleDescriptor:tester: 31 mini seconds publishing element
Info: WorkProductDescriptor:technical_specification_slot: 26 mini seconds publishing element
Info: WorkProductDescriptor:architecture_notebook: 26 mini seconds publishing element
Info: WorkProductDescriptor:build: 30 mini seconds publishing element
Info: WorkProductDescriptor:design: 21 mini seconds publishing element
Info: WorkProductDescriptor:developer_test: 28 mini seconds publishing element
Info: WorkProductDescriptor:glossary: 44 mini seconds publishing element
Info: WorkProductDescriptor:implementation: 26 mini seconds publishing element
Info: WorkProductDescriptor:system_wide_requirements: 34 mini seconds publishing element
Info: WorkProductDescriptor:test_case: 38 mini seconds publishing element
Info: WorkProductDescriptor:test_log: 27 mini seconds publishing element
Info: WorkProductDescriptor:test_script: 29 mini seconds publishing element
Info: WorkProductDescriptor:use_case: 47 mini seconds publishing element
Info: WorkProductDescriptor:use_case_model: 35 mini seconds publishing element
Info: WorkProductDescriptor:vision: 37 mini seconds publishing element
Info: WorkProductDescriptor:work_items_list: 36 mini seconds publishing element
Info: RoleDescriptor:analyst: 28 mini seconds publishing element
Info: RoleDescriptor:architect: 28 mini seconds publishing element
Info: RoleDescriptor:developer: 32 mini seconds publishing element
Info: RoleDescriptor:project_manager: 31 mini seconds publishing element
Info: RoleDescriptor:stakeholder: 28 mini seconds publishing element
Info: WorkProductDescriptor:technical_specification_slot: 41 mini seconds publishing element
Info: WorkProductDescriptor:architecture_notebook: 34 mini seconds publishing element
Info: WorkProductDescriptor:build: 59 mini seconds publishing element
Info: WorkProductDescriptor:design: 25 mini seconds publishing element
Info: WorkProductDescriptor:developer_test: 28 mini seconds publishing element
Info: WorkProductDescriptor:glossary: 27 mini seconds publishing element
Info: WorkProductDescriptor:implementation: 28 mini seconds publishing element
Info: WorkProductDescriptor:iteration_plan: 25 mini seconds publishing element
Info: WorkProductDescriptor:project_plan: 32 mini seconds publishing element
Info: WorkProductDescriptor:risk_list: 27 mini seconds publishing element
Info: WorkProductDescriptor:system_wide_requirements: 29 mini seconds publishing element
Info: WorkProductDescriptor:use_case: 34 mini seconds publishing element
Info: WorkProductDescriptor:use_case_model: 33 mini seconds publishing element
Info: WorkProductDescriptor:vision: 25 mini seconds publishing element
Info: WorkProductDescriptor:work_items_list: 26 mini seconds publishing element
Info: CapabilityPattern:elaboration_phase_iteration: 368 mini seconds publishing element
Info: CapabilityPattern:elaboration_phase_iteration: 158 mini seconds publishing process specific layout data
Info: CapabilityPattern:develop_architecture: 163 mini seconds publishing element
Info: CapabilityPattern:develop_architecture: 15 mini seconds publishing process specific layout data
Info: CapabilityPattern:develop_solution: 333 mini seconds publishing element
Info: CapabilityPattern:develop_solution: 143 mini seconds publishing process specific layout data
Info: CapabilityPattern:test_solution: 114 mini seconds publishing element
Info: CapabilityPattern:test_solution: 9 mini seconds publishing process specific layout data
Info: RoleDescriptor:analyst: 23 mini seconds publishing element
Info: RoleDescriptor:architect: 29 mini seconds publishing element
Info: RoleDescriptor:developer: 37 mini seconds publishing element
Info: RoleDescriptor:project_manager: 24 mini seconds publishing element
Info: RoleDescriptor:stakeholder: 29 mini seconds publishing element
Info: RoleDescriptor:tester: 33 mini seconds publishing element
Info: WorkProductDescriptor:technical_architecture_slot: 28 mini seconds publishing element
Info: WorkProductDescriptor:technical_specification_slot: 38 mini seconds publishing element
Info: WorkProductDescriptor:architecture_notebook: 38 mini seconds publishing element
Info: WorkProductDescriptor:build: 32 mini seconds publishing element
Info: WorkProductDescriptor:design: 31 mini seconds publishing element
Info: WorkProductDescriptor:developer_test: 29 mini seconds publishing element
Info: WorkProductDescriptor:glossary: 26 mini seconds publishing element
Info: WorkProductDescriptor:implementation: 30 mini seconds publishing element
Info: WorkProductDescriptor:iteration_plan: 27 mini seconds publishing element
Info: WorkProductDescriptor:project_plan: 23 mini seconds publishing element
Info: WorkProductDescriptor:risk_list: 28 mini seconds publishing element
Info: WorkProductDescriptor:system_wide_requirements: 32 mini seconds publishing element
Info: WorkProductDescriptor:test_case: 25 mini seconds publishing element
Info: WorkProductDescriptor:test_log: 29 mini seconds publishing element
Info: WorkProductDescriptor:test_script: 25 mini seconds publishing element
Info: WorkProductDescriptor:use_case: 28 mini seconds publishing element
Info: WorkProductDescriptor:use_case_model: 32 mini seconds publishing element
Info: WorkProductDescriptor:vision: 28 mini seconds publishing element
Info: WorkProductDescriptor:work_items_list: 30 mini seconds publishing element
Info: WorkProductDescriptor:architecture_notebook: 38 mini seconds publishing element
Info: RoleDescriptor:architect: 37 mini seconds publishing element
Info: RoleDescriptor:developer: 30 mini seconds publishing element
Info: WorkProductDescriptor:technical_specification_slot: 27 mini seconds publishing element
Info: WorkProductDescriptor:technical_design_slot: 31 mini seconds publishing element
Info: WorkProductDescriptor:technical_implementation_slot: 25 mini seconds publishing element
Info: RoleDescriptor:analyst: 22 mini seconds publishing element
Info: RoleDescriptor:developer: 25 mini seconds publishing element
Info: RoleDescriptor:stakeholder: 28 mini seconds publishing element
Info: RoleDescriptor:tester: 34 mini seconds publishing element
Info: WorkProductDescriptor:technical_implementation_slot: 27 mini seconds publishing element
Info: WorkProductDescriptor:build: 33 mini seconds publishing element
Info: WorkProductDescriptor:design: 26 mini seconds publishing element
Info: WorkProductDescriptor:developer_test: 24 mini seconds publishing element
Info: WorkProductDescriptor:glossary: 24 mini seconds publishing element
Info: WorkProductDescriptor:implementation: 28 mini seconds publishing element
Info: WorkProductDescriptor:system_wide_requirements: 24 mini seconds publishing element
Info: WorkProductDescriptor:test_case: 40 mini seconds publishing element
Info: WorkProductDescriptor:test_log: 26 mini seconds publishing element
Info: WorkProductDescriptor:test_script: 30 mini seconds publishing element
Info: WorkProductDescriptor:use_case: 28 mini seconds publishing element
Info: WorkProductDescriptor:use_case_model: 25 mini seconds publishing element
Info: WorkProductDescriptor:vision: 26 mini seconds publishing element
Info: WorkProductDescriptor:work_items_list: 37 mini seconds publishing element
Info: CapabilityPattern:ongoing_tasks: 93 mini seconds publishing element
Info: CapabilityPattern:ongoing_tasks: 5 mini seconds publishing process specific layout data
Info: Concept:change_requests: 15 mini seconds publishing element
Info: RoleDescriptor:deployment_engineer: 30 mini seconds publishing element
Info: WorkProductDescriptor:backout_plan: 24 mini seconds publishing element
Info: WorkProductDescriptor:deployment_plan: 31 mini seconds publishing element
Info: WorkProductDescriptor:release: 31 mini seconds publishing element
Info: WorkProductDescriptor:release_communications: 39 mini seconds publishing element
Info: CapabilityPattern:construction_phase_iteration: 355 mini seconds publishing element
Info: CapabilityPattern:construction_phase_iteration: 118 mini seconds publishing process specific layout data
Info: RoleDescriptor:developer: 27 mini seconds publishing element
Info: RoleDescriptor:developer: 39 mini seconds publishing element
Info: WorkProductDescriptor:build: 28 mini seconds publishing element
Info: WorkProductDescriptor:design: 41 mini seconds publishing element
Info: WorkProductDescriptor:developer_test: 26 mini seconds publishing element
Info: WorkProductDescriptor:implementation: 24 mini seconds publishing element
Info: CapabilityPattern:prep_doc_trng: 139 mini seconds publishing element
Info: CapabilityPattern:prep_doc_trng: 7 mini seconds publishing process specific layout data
Info: RoleDescriptor:deployment_engineer: 35 mini seconds publishing element
Info: WorkProductDescriptor:backout_plan: 31 mini seconds publishing element
Info: WorkProductDescriptor:deployment_plan: 36 mini seconds publishing element
Info: WorkProductDescriptor:release: 27 mini seconds publishing element
Info: WorkProductDescriptor:release_communications: 28 mini seconds publishing element
Info: CapabilityPattern:transition_phase_iteration: 401 mini seconds publishing element
Info: CapabilityPattern:transition_phase_iteration: 144 mini seconds publishing process specific layout data
Info: RoleDescriptor:developer: 27 mini seconds publishing element
Info: WorkProductDescriptor:build: 24 mini seconds publishing element
Info: WorkProductDescriptor:design: 29 mini seconds publishing element
Info: WorkProductDescriptor:developer_test: 26 mini seconds publishing element
Info: WorkProductDescriptor:implementation: 21 mini seconds publishing element
Info: CapabilityPattern:prepare_for_release: 131 mini seconds publishing element
Info: CapabilityPattern:prepare_for_release: 7 mini seconds publishing process specific layout data
Info: WorkProductDescriptor:product_documentation: 26 mini seconds publishing element
Info: WorkProductDescriptor:support_documentation: 38 mini seconds publishing element
Info: WorkProductDescriptor:training_materials: 25 mini seconds publishing element
Info: WorkProductDescriptor:user_documentation: 33 mini seconds publishing element
Info: CapabilityPattern:provide_product_training: 95 mini seconds publishing element
Info: CapabilityPattern:provide_product_training: 7 mini seconds publishing process specific layout data
Info: RoleDescriptor:deployment_engineer: 32 mini seconds publishing element
Info: RoleDescriptor:developer: 29 mini seconds publishing element
Info: RoleDescriptor:product_owner: 30 mini seconds publishing element
Info: WorkProductDescriptor:backout_plan: 29 mini seconds publishing element
Info: WorkProductDescriptor:build: 29 mini seconds publishing element
Info: WorkProductDescriptor:deployment_plan: 38 mini seconds publishing element
Info: WorkProductDescriptor:design: 26 mini seconds publishing element
Info: WorkProductDescriptor:developer_test: 25 mini seconds publishing element
Info: WorkProductDescriptor:implementation: 23 mini seconds publishing element
Info: WorkProductDescriptor:infrastructure: 27 mini seconds publishing element
Info: WorkProductDescriptor:release: 38 mini seconds publishing element
Info: WorkProductDescriptor:release_communications: 23 mini seconds publishing element
Info: WorkProductDescriptor:release_controls: 24 mini seconds publishing element
Info: CapabilityPattern:deploy_release_to_production: 136 mini seconds publishing element
Info: CapabilityPattern:deploy_release_to_production: 9 mini seconds publishing process specific layout data
Info: Template:development_case: 20 mini seconds publishing element
Info: Example:development_case_project: 25 mini seconds publishing element
Info: Artifact:business_terms_glossary: 46 mini seconds publishing element
Info: Artifact:rule_description_doc: 45 mini seconds publishing element
Info: Artifact:conceptual_data_model: 28 mini seconds publishing element
Info: Artifact:business_event_description: 21 mini seconds publishing element
Info: Example:discover_decision_points: 64 mini seconds publishing element
Info: Guideline:bpmn_guide: 72 mini seconds publishing element
Info: Guideline:business_rule_classification: 38 mini seconds publishing element
Info: Example:uc_deposit_funds_outline: 13 mini seconds publishing element
Info: Example:uc_model_elaboration_phase: 18 mini seconds publishing element
Info: Example:uc_model_inception_phase: 23 mini seconds publishing element
Info: Example:uc_spec_validate_user: 20 mini seconds publishing element
Info: Example:uc_transfer_funds_outline: 18 mini seconds publishing element
Info: Example:uc_withdraw_cash_outline: 13 mini seconds publishing element
Info: Task:identify_decision_point: 35 mini seconds publishing element
Info: Guideline:execute_rule_discovery_workshop: 45 mini seconds publishing element
Info: Artifact:fact_model: 37 mini seconds publishing element
Info: Artifact:rule_repository_in_db: 27 mini seconds publishing element
Info: Artifact:sme_recommendations: 18 mini seconds publishing element
Info: Task:build_rule_project_structure: 84 mini seconds publishing element
Info: Task:build_test_scenario: 23 mini seconds publishing element
Info: Task:define_policy_change_templates: 22 mini seconds publishing element
Info: Task:determine_rule_implementation: 49 mini seconds publishing element
Info: Task:extract_rule_meaning: 25 mini seconds publishing element
Info: Task:maintain_rules: 19 mini seconds publishing element
Info: Task:prototype_rules: 50 mini seconds publishing element
Info: Task:synchronize_data_model: 32 mini seconds publishing element
Info: Task:transform_rules: 88 mini seconds publishing element
Info: Artifact:rule_life_cycle: 39 mini seconds publishing element
Info: Artifact:rule_meta_properties: 50 mini seconds publishing element
Info: Artifact:ruleset_table: 28 mini seconds publishing element
Info: Task:define_ruleset: 54 mini seconds publishing element
Info: Template:decision_point_table: 33 mini seconds publishing element
Info: Template:rule_discovery_roadmap: 34 mini seconds publishing element
Info: TermDefinition:stakeholder_need: 14 mini seconds publishing element
Info: TermDefinition:ruleflow: 16 mini seconds publishing element
Info: TermDefinition:bom: 18 mini seconds publishing element
Info: TermDefinition:decision_service: 17 mini seconds publishing element
Info: Guideline:define_rule_implementation: 30 mini seconds publishing element
Info: Task:develop_rules: 67 mini seconds publishing element
Info: Task:execute_rule_set: 39 mini seconds publishing element
Info: Task:log_issue: 22 mini seconds publishing element
Info: Task:deploy_rules: 26 mini seconds publishing element
Info: Task:synchronize_with_wrms: 22 mini seconds publishing element
Info: Artifact:rule_repository: 24 mini seconds publishing element
Info: Guideline:developer_testing: 34 mini seconds publishing element
Info: Roadmap:adopt_tdd_practice: 19 mini seconds publishing element
Info: Roadmap:how_to_adopt_continuous_integration: 19 mini seconds publishing element
Info: Practice:continous_integration: 27 mini seconds publishing element
Info: Task:define_ruleset_testing: 21 mini seconds publishing element
Info: TermDefinition:rule_engine: 17 mini seconds publishing element
Info: Template:rule_set_table: 47 mini seconds publishing element
Info: TermDefinition:method_library: 18 mini seconds publishing element
Info: TermDefinition:guidance: 18 mini seconds publishing element
Info: TermDefinition:view: 19 mini seconds publishing element
Info: Practice:evolutionary_design: 41 mini seconds publishing element
Info: SupportingMaterial:using_ed_in_context: 22 mini seconds publishing element
Info: Concept:collective_code_ownership: 18 mini seconds publishing element
Info: Task:design_models_for_bre: 20 mini seconds publishing element
Info: Task:integrate_bre: 29 mini seconds publishing element
Info: Task:design_reference_data_integration: 35 mini seconds publishing element
Info: Guideline:jsr94: 20 mini seconds publishing element
Info: Guideline:web_service_design: 32 mini seconds publishing element
Info: Task:develop_organization_map: 42 mini seconds publishing element
Info: Task:develop_process_maps: 47 mini seconds publishing element
Info: Task:monitor_improve_process: 22 mini seconds publishing element
Info: Artifact:executable_object_model: 25 mini seconds publishing element
Info: Task:define_rule_life_cycle: 28 mini seconds publishing element
Info: Task:define_ruleset_life_cycle: 25 mini seconds publishing element
Info: Task:define_ruleset_ownership: 20 mini seconds publishing element
Info: Task:plan_deployment: 22 mini seconds publishing element
Info: Artifact:brms_organization_chart: 27 mini seconds publishing element
Info: Artifact:rule_governance_actors: 34 mini seconds publishing element
Info: Artifact:rule_set_life_cycle: 19 mini seconds publishing element
Info: Artifact:rule_set_table: 41 mini seconds publishing element
Info: Example:rule_atomicity: 23 mini seconds publishing element
Info: Concept:rdf_owl: 20 mini seconds publishing element
Info: Guideline:boolean_logic: 24 mini seconds publishing element
Info: Guideline:discover_fact_model: 26 mini seconds publishing element
Info: Guideline:sbvr: 35 mini seconds publishing element
Info: Guideline:rule_governance_actors: 79 mini seconds publishing element
Info: Guideline:rule_management_team_mission: 20 mini seconds publishing element
Info: Guideline:classifying_work_products: 19 mini seconds publishing element
Info: WorkProductDescriptor:build: 39 mini seconds publishing element
Info: WorkProductDescriptor:design: 34 mini seconds publishing element
Info: WorkProductDescriptor:developer_test: 28 mini seconds publishing element
Info: WorkProductDescriptor:implementation: 29 mini seconds publishing element
Info: Template:business_glossary: 28 mini seconds publishing element
Info: Template:rule_template_for_workflow_project: 39 mini seconds publishing element
Info: Template:rule_templates: 30 mini seconds publishing element
Info: Example:discovery_output: 28 mini seconds publishing element
Info: TermDefinition:decision_point: 24 mini seconds publishing element
Info: Guideline:decision_point: 21 mini seconds publishing element
Info: SupportingMaterial:using_tdd_in_context: 32 mini seconds publishing element
Info: TermDefinition:decision_table: 13 mini seconds publishing element
Info: TermDefinition:decision_tree: 22 mini seconds publishing element
Info: TermDefinition:code_instrumentation: 14 mini seconds publishing element
Info: TermDefinition:method_plugin: 14 mini seconds publishing element
Info: TermDefinition:method_element: 15 mini seconds publishing element
Info: TermDefinition:rule_life_cycle: 13 mini seconds publishing element
Info: Example:decision_table: 29 mini seconds publishing element
Info: Example:decision_tree: 25 mini seconds publishing element
Info: : Publishing time: 1 minutes 13 seconds
